{
  "stats": {
    "suites": 2,
    "tests": 4,
    "passes": 4,
    "pending": 0,
    "failures": 0,
    "start": "2024-01-10T12:47:03.671Z",
    "end": "2024-01-10T12:47:04.983Z",
    "duration": 1312,
    "testsRegistered": 4,
    "passPercent": 100,
    "pendingPercent": 0,
    "other": 0,
    "hasOther": false,
    "skipped": 0,
    "hasSkipped": false
  },
  "results": [
    {
      "uuid": "c461ccc3-f8a6-4fd4-b685-acd2bd80cd14",
      "title": "",
      "fullFile": "cypress/e2e/apitesting.spec.cy.js",
      "file": "cypress/e2e/apitesting.spec.cy.js",
      "beforeHooks": [],
      "afterHooks": [],
      "tests": [],
      "suites": [
        {
          "uuid": "5c66faed-1a7b-425a-b823-c3f93a7e95e5",
          "title": "API Test",
          "fullFile": "",
          "file": "",
          "beforeHooks": [],
          "afterHooks": [],
          "tests": [
            {
              "title": "Get the number of artObjects from a randomAuthor",
              "fullTitle": "API Test Get the number of artObjects from a randomAuthor",
              "timedOut": null,
              "duration": 317,
              "state": "passed",
              "speed": "fast",
              "pass": true,
              "fail": false,
              "pending": false,
              "context": null,
              "code": "const randomAuthorName = authorNames[Math.floor(Math.random() * authorNames.length)];\ncy.request({\n  method: 'GET',\n  url: `${Cypress.env('baseURL')}?key=0fiuZFh4&involvedMaker=${encodeURIComponent(randomAuthorName)}`\n}).then(response => {\n  expect(response.status).to.equal(200);\n  expect(response.body).to.have.property('artObjects').and.to.be.an('array');\n  cy.log(`API Response for ${randomAuthorName}:`, response.body);\n  const artObjectsArray = response.body.artObjects;\n  expect(artObjectsArray.length).to.be.greaterThan(0);\n  cy.log(`Number of Art Objects: ${artObjectsArray.length}`);\n});",
              "err": {},
              "uuid": "99957538-43db-4614-b057-b2c549b7203f",
              "parentUUID": "5c66faed-1a7b-425a-b823-c3f93a7e95e5",
              "isHook": false,
              "skipped": false
            },
            {
              "title": "Randomly select an objectNumber to be passed as a query param in the next request",
              "fullTitle": "API Test Randomly select an objectNumber to be passed as a query param in the next request",
              "timedOut": null,
              "duration": 160,
              "state": "passed",
              "speed": "fast",
              "pass": true,
              "fail": false,
              "pending": false,
              "context": null,
              "code": "const randomAuthorName = authorNames[Math.floor(Math.random() * authorNames.length)];\ncy.request({\n  method: 'GET',\n  url: `${Cypress.env('baseURL')}?key=0fiuZFh4&involvedMaker=${encodeURIComponent(randomAuthorName)}`\n}).then(response => {\n  expect(response.status).to.equal(200);\n  expect(response.body).to.have.property('artObjects').and.to.be.an('array');\n  cy.log(`API Response for ${randomAuthorName}:`, response.body);\n  const artObjectsArray = response.body.artObjects;\n  const randomArtObject = artObjectsArray[Math.floor(Math.random() * artObjectsArray.length)];\n  const randomObjectNumber = randomArtObject.objectNumber;\n  cy.log(`Randomly selected objectNumber: ${randomObjectNumber}`);\n});",
              "err": {},
              "uuid": "9b6fe023-09a5-4122-8d0a-b5095ea2b68c",
              "parentUUID": "5c66faed-1a7b-425a-b823-c3f93a7e95e5",
              "isHook": false,
              "skipped": false
            },
            {
              "title": "Get the title from the randomly selected artObject",
              "fullTitle": "API Test Get the title from the randomly selected artObject",
              "timedOut": null,
              "duration": 539,
              "state": "passed",
              "speed": "fast",
              "pass": true,
              "fail": false,
              "pending": false,
              "context": null,
              "code": "const randomAuthorName = authorNames[Math.floor(Math.random() * authorNames.length)];\ncy.request({\n  method: 'GET',\n  url: `${Cypress.env('baseURL')}?key=0fiuZFh4&involvedMaker=${encodeURIComponent(randomAuthorName)}`\n}).then(response => {\n  expect(response.status).to.equal(200);\n  expect(response.body).to.have.property('artObjects').and.to.be.an('array');\n  cy.log(`API Response for ${randomAuthorName}:`, response.body);\n  const artObjectsArray = response.body.artObjects;\n  const randomArtObject = artObjectsArray[Math.floor(Math.random() * artObjectsArray.length)];\n  const randomObjectNumber = randomArtObject.objectNumber;\n  cy.log(`Randomly selected objectNumber: ${randomObjectNumber}`);\n  cy.request({\n    method: 'GET',\n    url: `${Cypress.env('baseURL')}/${randomObjectNumber}?key=0fiuZFh4`\n  }).then(secondResponse => {\n    expect(secondResponse.status).to.equal(200);\n    expect(secondResponse.body).to.have.property('artObject');\n    cy.log(`API Response for objectNumber ${randomObjectNumber}:`, secondResponse.body);\n    const title = secondResponse.body.artObject.title;\n    cy.log(`Title of the art object: ${title}`);\n  });\n});",
              "err": {},
              "uuid": "78f01869-8791-4eeb-81ed-99fa4af31454",
              "parentUUID": "5c66faed-1a7b-425a-b823-c3f93a7e95e5",
              "isHook": false,
              "skipped": false
            }
          ],
          "suites": [],
          "passes": [
            "99957538-43db-4614-b057-b2c549b7203f",
            "9b6fe023-09a5-4122-8d0a-b5095ea2b68c",
            "78f01869-8791-4eeb-81ed-99fa4af31454"
          ],
          "failures": [],
          "pending": [],
          "skipped": [],
          "duration": 1016,
          "root": false,
          "rootEmpty": false,
          "_timeout": 2000
        },
        {
          "uuid": "41adc2d1-b815-482e-823d-012dfffa09ef",
          "title": "API Test for Rijksmuseum - Level 0",
          "fullFile": "",
          "file": "",
          "beforeHooks": [],
          "afterHooks": [],
          "tests": [
            {
              "title": "should retrieve level information from z0",
              "fullTitle": "API Test for Rijksmuseum - Level 0 should retrieve level information from z0",
              "timedOut": null,
              "duration": 283,
              "state": "passed",
              "speed": "fast",
              "pass": true,
              "fail": false,
              "pending": false,
              "context": null,
              "code": "cy.request({\n  method: 'GET',\n  url: `${Cypress.env('baseURL')}/BK-16676/tiles?key=0fiuZFh4`\n}).then(response => {\n  expect(response.status).to.eq(200);\n  cy.log(response.body);\n  const responseBody = JSON.parse(response.body);\n  const firstLevel = responseBody.levels[0];\n  cy.log(firstLevel.name, firstLevel.width, firstLevel.height);\n});",
              "err": {},
              "uuid": "e9943642-a0f6-443f-b93c-1fc51dcdd557",
              "parentUUID": "41adc2d1-b815-482e-823d-012dfffa09ef",
              "isHook": false,
              "skipped": false
            }
          ],
          "suites": [],
          "passes": [
            "e9943642-a0f6-443f-b93c-1fc51dcdd557"
          ],
          "failures": [],
          "pending": [],
          "skipped": [],
          "duration": 283,
          "root": false,
          "rootEmpty": false,
          "_timeout": 2000
        }
      ],
      "passes": [],
      "failures": [],
      "pending": [],
      "skipped": [],
      "duration": 0,
      "root": true,
      "rootEmpty": true,
      "_timeout": 2000
    }
  ],
  "meta": {
    "mocha": {
      "version": "7.0.1"
    },
    "mochawesome": {
      "options": {
        "quiet": false,
        "reportFilename": "report",
        "saveHtml": true,
        "saveJson": true,
        "consoleReporter": "spec",
        "useInlineDiffs": false,
        "code": true
      },
      "version": "7.1.3"
    },
    "marge": {
      "options": {
        "charts": true,
        "html": true,
        "json": true,
        "reportDir": "cypress/reports",
        "reportFilename": "report",
        "overwrite": true
      },
      "version": "6.2.0"
    }
  }
}